<?xml version="1.0" encoding="UTF-8"?>
<!-- Generated by org.testng.reporters.JUnitXMLReporter -->
<testsuite ignored="0" hostname="DESKTOP-E572CRP" failures="0" tests="8" name="myTest" time="29.307" errors="0" timestamp="2024-12-02T13:17:43 IST">
  <testcase classname="day42.FirstTestCase" name="openApp" time="0.012"/>
  <testcase classname="day42.FirstTestCase" name="login" time="0.002"/>
  <testcase classname="day42.FirstTestCase" name="logout" time="0.001"/>
  <testcase classname="day42.OrangeHRMTest" name="openApp" time="4.86"/>
  <testcase classname="day42.OrangeHRMTest" name="checkLogo" time="5.045"/>
  <testcase classname="day42.OrangeHRMTest" name="login" time="11.445"/>
  <testcase classname="day42.OrangeHRMTest" name="logout" time="7.737"/>
  <testcase classname="day42.OrangeHRMTest" name="closeApp" time="0.158"/>
</testsuite> <!-- myTest -->
