<?xml version="1.0" encoding="UTF-8"?>
<!-- Generated by org.testng.reporters.JUnitXMLReporter -->
<testsuite ignored="0" hostname="DESKTOP-E572CRP" failures="0" tests="3" name="firefoxTest" time="15.287" errors="0" timestamp="2024-12-22T22:49:44 IST">
  <testcase classname="day45.ParamTest" name="testLogo" time="0.039"/>
  <testcase classname="day45.ParamTest" name="testTitle" time="0.005"/>
  <testcase classname="day45.ParamTest" name="testURL" time="0.006"/>
</testsuite> <!-- firefoxTest -->
