<?xml version="1.0" encoding="UTF-8"?>
<!-- Generated by org.testng.reporters.JUnitXMLReporter -->
<testsuite ignored="0" hostname="DESKTOP-E572CRP" failures="1" tests="3" name="Test" time="11.607" errors="0" timestamp="2024-12-29T03:32:53 IST">
  <testcase classname="day46.OrangeHRM" name="testLogo" time="0.041"/>
  <testcase classname="day46.OrangeHRM" name="testAppURL" time="0.01">
    <failure type="java.lang.AssertionError" message="expected [https://opensource-demo.orangehrmWRONGURL.com/web/index.php/auth/login] but found [https://opensource-demo.orangehrmlive.com/web/index.php/auth/login]">
      <![CDATA[java.lang.AssertionError: expected [https://opensource-demo.orangehrmWRONGURL.com/web/index.php/auth/login] but found [https://opensource-demo.orangehrmlive.com/web/index.php/auth/login]
at day46.OrangeHRM.testAppURL(OrangeHRM.java:37)
at java.base/java.util.ArrayList.forEach(ArrayList.java:1596)
... Removed 31 stack frames]]>
    </failure>
  </testcase> <!-- testAppURL -->
  <testcase classname="day46.OrangeHRM" name="testHomePageTitle" time="0.0">
    <skipped/>
  </testcase> <!-- testHomePageTitle -->
</testsuite> <!-- Test -->
