<?xml version="1.0" encoding="UTF-8"?>
<!-- Generated by org.testng.reporters.JUnitXMLReporter -->
<testsuite ignored="0" hostname="DESKTOP-E572CRP" failures="1" tests="2" name="Test" time="0.046" errors="0" timestamp="2024-12-03T21:03:53 IST">
  <testcase classname="day43.AllAnnotations" name="search" time="0.009">
    <failure type="java.lang.AssertionError" message="expected [2] but found [1]">
      <![CDATA[java.lang.AssertionError: expected [2] but found [1]
at day43.AllAnnotations.search(AllAnnotations.java:61)
at java.base/java.util.ArrayList.forEach(ArrayList.java:1596)
... Removed 31 stack frames]]>
    </failure>
  </testcase> <!-- search -->
  <testcase classname="day43.AllAnnotations" name="advSearch" time="0.001"/>
</testsuite> <!-- Test -->
