<?xml version="1.0" encoding="UTF-8"?>
<!-- Generated by org.testng.reporters.JUnitXMLReporter -->
<testsuite ignored="0" hostname="DESKTOP-E572CRP" failures="0" tests="5" name="Default test" time="53.759" errors="0" timestamp="2024-12-02T01:39:17 IST">
  <testcase classname="day42.OrangeHRMTest" name="openApp" time="18.371"/>
  <testcase classname="day42.OrangeHRMTest" name="checkLogo" time="5.045"/>
  <testcase classname="day42.OrangeHRMTest" name="login" time="10.29"/>
  <testcase classname="day42.OrangeHRMTest" name="logout" time="19.794"/>
  <testcase classname="day42.OrangeHRMTest" name="closeApp" time="0.188"/>
</testsuite> <!-- Default test -->
