<?xml version="1.0" encoding="UTF-8"?>
<!-- Generated by org.testng.reporters.JUnitXMLReporter -->
<testsuite ignored="0" hostname="DESKTOP-E572CRP" failures="0" tests="3" name="firefoxTest" time="13.389" errors="0" timestamp="2024-12-23T10:13:13 IST">
  <testcase classname="day45.ParamTest" name="testLogo" time="0.031"/>
  <testcase classname="day45.ParamTest" name="testTitle" time="0.005"/>
  <testcase classname="day45.ParamTest" name="testURL" time="0.006"/>
</testsuite> <!-- firefoxTest -->
