<?xml version="1.0" encoding="UTF-8"?>
<!-- Generated by org.testng.reporters.JUnitXMLReporter -->
<testsuite ignored="0" hostname="DESKTOP-E572CRP" failures="0" tests="5" name="Test" time="29.78" errors="0" timestamp="2024-12-02T12:07:36 IST">
  <testcase classname="day42.OrangeHRMTest" name="openApp" time="6.954"/>
  <testcase classname="day42.OrangeHRMTest" name="checkLogo" time="5.049"/>
  <testcase classname="day42.OrangeHRMTest" name="login" time="11.385"/>
  <testcase classname="day42.OrangeHRMTest" name="logout" time="6.204"/>
  <testcase classname="day42.OrangeHRMTest" name="closeApp" time="0.14"/>
</testsuite> <!-- Test -->
