<?xml version="1.0" encoding="UTF-8"?>
<testng-results ignored="0" total="8" passed="8" failed="0" skipped="0">
  <reporter-output>
  </reporter-output>
  <suite started-at="2024-12-02T13:17:14 IST" name="mySuite" finished-at="2024-12-02T13:17:43 IST" duration-ms="29307">
    <groups>
    </groups>
    <test started-at="2024-12-02T13:17:14 IST" name="myTest" finished-at="2024-12-02T13:17:43 IST" duration-ms="29307">
      <class name="day42.OrangeHRMTest">
        <test-method signature="openApp()[pri:1, instance:day42.OrangeHRMTest@192d43ce]" started-at="2024-12-02T13:17:14 IST" name="openApp" finished-at="2024-12-02T13:17:19 IST" duration-ms="4860" status="PASS">
          <reporter-output>
          </reporter-output>
        </test-method> <!-- openApp -->
        <test-method signature="checkLogo()[pri:2, instance:day42.OrangeHRMTest@192d43ce]" started-at="2024-12-02T13:17:19 IST" name="checkLogo" finished-at="2024-12-02T13:17:24 IST" duration-ms="5045" status="PASS">
          <reporter-output>
          </reporter-output>
        </test-method> <!-- checkLogo -->
        <test-method signature="login()[pri:3, instance:day42.OrangeHRMTest@192d43ce]" started-at="2024-12-02T13:17:24 IST" name="login" finished-at="2024-12-02T13:17:36 IST" duration-ms="11445" status="PASS">
          <reporter-output>
          </reporter-output>
        </test-method> <!-- login -->
        <test-method signature="logout()[pri:4, instance:day42.OrangeHRMTest@192d43ce]" started-at="2024-12-02T13:17:36 IST" name="logout" finished-at="2024-12-02T13:17:43 IST" duration-ms="7737" status="PASS">
          <reporter-output>
          </reporter-output>
        </test-method> <!-- logout -->
        <test-method signature="closeApp()[pri:5, instance:day42.OrangeHRMTest@192d43ce]" started-at="2024-12-02T13:17:43 IST" name="closeApp" finished-at="2024-12-02T13:17:43 IST" duration-ms="158" status="PASS">
          <reporter-output>
          </reporter-output>
        </test-method> <!-- closeApp -->
      </class> <!-- day42.OrangeHRMTest -->
      <class name="day42.FirstTestCase">
        <test-method signature="openApp()[pri:1, instance:day42.FirstTestCase@7193666c]" started-at="2024-12-02T13:17:14 IST" name="openApp" finished-at="2024-12-02T13:17:14 IST" duration-ms="12" status="PASS">
          <reporter-output>
          </reporter-output>
        </test-method> <!-- openApp -->
        <test-method signature="login()[pri:2, instance:day42.FirstTestCase@7193666c]" started-at="2024-12-02T13:17:14 IST" name="login" finished-at="2024-12-02T13:17:14 IST" duration-ms="2" status="PASS">
          <reporter-output>
          </reporter-output>
        </test-method> <!-- login -->
        <test-method signature="logout()[pri:3, instance:day42.FirstTestCase@7193666c]" started-at="2024-12-02T13:17:14 IST" name="logout" finished-at="2024-12-02T13:17:14 IST" duration-ms="1" status="PASS">
          <reporter-output>
          </reporter-output>
        </test-method> <!-- logout -->
      </class> <!-- day42.FirstTestCase -->
    </test> <!-- myTest -->
  </suite> <!-- mySuite -->
</testng-results>
