<?xml version="1.0" encoding="UTF-8"?>
<testng-results ignored="0" total="9" passed="9" failed="0" skipped="0">
  <reporter-output>
  </reporter-output>
  <suite started-at="2024-12-22T22:49:29 IST" name="Suite" finished-at="2024-12-22T22:49:44 IST" duration-ms="15287">
    <groups>
    </groups>
    <test started-at="2024-12-22T22:49:29 IST" name="chromeTest" finished-at="2024-12-22T22:49:41 IST" duration-ms="11915">
      <class name="day45.ParamTest">
        <test-method is-config="true" signature="setup(java.lang.String,java.lang.String)[pri:0, instance:day45.ParamTest@359f7cdf]" started-at="2024-12-22T22:49:29 IST" name="setup" finished-at="2024-12-22T22:49:41 IST" duration-ms="11647" status="PASS">
          <params>
            <param index="0">
              <value>
                <![CDATA[cHrOMe]]>
              </value>
            </param>
            <param index="1">
              <value>
                <![CDATA[https://opensource-demo.orangehrmlive.com/web/index.php/auth/login]]>
              </value>
            </param>
          </params>
          <reporter-output>
          </reporter-output>
        </test-method> <!-- setup -->
        <test-method signature="testLogo()[pri:1, instance:day45.ParamTest@359f7cdf]" started-at="2024-12-22T22:49:41 IST" name="testLogo" finished-at="2024-12-22T22:49:41 IST" duration-ms="52" status="PASS">
          <reporter-output>
          </reporter-output>
        </test-method> <!-- testLogo -->
        <test-method signature="testTitle()[pri:2, instance:day45.ParamTest@359f7cdf]" started-at="2024-12-22T22:49:41 IST" name="testTitle" finished-at="2024-12-22T22:49:41 IST" duration-ms="11" status="PASS">
          <reporter-output>
          </reporter-output>
        </test-method> <!-- testTitle -->
        <test-method signature="testURL()[pri:3, instance:day45.ParamTest@359f7cdf]" started-at="2024-12-22T22:49:41 IST" name="testURL" finished-at="2024-12-22T22:49:41 IST" duration-ms="19" status="PASS">
          <reporter-output>
          </reporter-output>
        </test-method> <!-- testURL -->
        <test-method is-config="true" signature="tearDown()[pri:0, instance:day45.ParamTest@359f7cdf]" started-at="2024-12-22T22:49:41 IST" name="tearDown" finished-at="2024-12-22T22:49:41 IST" duration-ms="147" status="PASS">
          <reporter-output>
          </reporter-output>
        </test-method> <!-- tearDown -->
      </class> <!-- day45.ParamTest -->
    </test> <!-- chromeTest -->
    <test started-at="2024-12-22T22:49:29 IST" name="edgeTest" finished-at="2024-12-22T22:49:42 IST" duration-ms="12801">
      <class name="day45.ParamTest">
        <test-method is-config="true" signature="setup(java.lang.String,java.lang.String)[pri:0, instance:day45.ParamTest@6adbc9d]" started-at="2024-12-22T22:49:29 IST" name="setup" finished-at="2024-12-22T22:49:41 IST" duration-ms="11414" status="PASS">
          <params>
            <param index="0">
              <value>
                <![CDATA[eDGe]]>
              </value>
            </param>
            <param index="1">
              <value>
                <![CDATA[https://opensource-demo.orangehrmlive.com/web/index.php/auth/login]]>
              </value>
            </param>
          </params>
          <reporter-output>
          </reporter-output>
        </test-method> <!-- setup -->
        <test-method signature="testLogo()[pri:1, instance:day45.ParamTest@6adbc9d]" started-at="2024-12-22T22:49:41 IST" name="testLogo" finished-at="2024-12-22T22:49:41 IST" duration-ms="82" status="PASS">
          <reporter-output>
          </reporter-output>
        </test-method> <!-- testLogo -->
        <test-method signature="testTitle()[pri:2, instance:day45.ParamTest@6adbc9d]" started-at="2024-12-22T22:49:41 IST" name="testTitle" finished-at="2024-12-22T22:49:41 IST" duration-ms="11" status="PASS">
          <reporter-output>
          </reporter-output>
        </test-method> <!-- testTitle -->
        <test-method signature="testURL()[pri:3, instance:day45.ParamTest@6adbc9d]" started-at="2024-12-22T22:49:41 IST" name="testURL" finished-at="2024-12-22T22:49:41 IST" duration-ms="11" status="PASS">
          <reporter-output>
          </reporter-output>
        </test-method> <!-- testURL -->
        <test-method is-config="true" signature="tearDown()[pri:0, instance:day45.ParamTest@6adbc9d]" started-at="2024-12-22T22:49:41 IST" name="tearDown" finished-at="2024-12-22T22:49:42 IST" duration-ms="1237" status="PASS">
          <reporter-output>
          </reporter-output>
        </test-method> <!-- tearDown -->
      </class> <!-- day45.ParamTest -->
    </test> <!-- edgeTest -->
    <test started-at="2024-12-22T22:49:29 IST" name="firefoxTest" finished-at="2024-12-22T22:49:44 IST" duration-ms="15287">
      <class name="day45.ParamTest">
        <test-method is-config="true" signature="setup(java.lang.String,java.lang.String)[pri:0, instance:day45.ParamTest@9597028]" started-at="2024-12-22T22:49:29 IST" name="setup" finished-at="2024-12-22T22:49:44 IST" duration-ms="14361" status="PASS">
          <params>
            <param index="0">
              <value>
                <![CDATA[fIREfOx]]>
              </value>
            </param>
            <param index="1">
              <value>
                <![CDATA[https://opensource-demo.orangehrmlive.com/web/index.php/auth/login]]>
              </value>
            </param>
          </params>
          <reporter-output>
          </reporter-output>
        </test-method> <!-- setup -->
        <test-method signature="testLogo()[pri:1, instance:day45.ParamTest@9597028]" started-at="2024-12-22T22:49:44 IST" name="testLogo" finished-at="2024-12-22T22:49:44 IST" duration-ms="39" status="PASS">
          <reporter-output>
          </reporter-output>
        </test-method> <!-- testLogo -->
        <test-method signature="testTitle()[pri:2, instance:day45.ParamTest@9597028]" started-at="2024-12-22T22:49:44 IST" name="testTitle" finished-at="2024-12-22T22:49:44 IST" duration-ms="5" status="PASS">
          <reporter-output>
          </reporter-output>
        </test-method> <!-- testTitle -->
        <test-method signature="testURL()[pri:3, instance:day45.ParamTest@9597028]" started-at="2024-12-22T22:49:44 IST" name="testURL" finished-at="2024-12-22T22:49:44 IST" duration-ms="6" status="PASS">
          <reporter-output>
          </reporter-output>
        </test-method> <!-- testURL -->
        <test-method is-config="true" signature="tearDown()[pri:0, instance:day45.ParamTest@9597028]" started-at="2024-12-22T22:49:44 IST" name="tearDown" finished-at="2024-12-22T22:49:44 IST" duration-ms="838" status="PASS">
          <reporter-output>
          </reporter-output>
        </test-method> <!-- tearDown -->
      </class> <!-- day45.ParamTest -->
    </test> <!-- firefoxTest -->
  </suite> <!-- Suite -->
</testng-results>
