<?xml version="1.0" encoding="UTF-8"?>
<testng-results ignored="0" total="1" passed="1" failed="0" skipped="0">
  <reporter-output>
  </reporter-output>
  <suite started-at="2025-05-11T02:02:28 IST" name="Default suite" finished-at="2025-05-11T02:02:33 IST" duration-ms="5478">
    <groups>
    </groups>
    <test started-at="2025-05-11T02:02:28 IST" name="Default test" finished-at="2025-05-11T02:02:33 IST" duration-ms="5478">
      <class name="demoBlaze.FlightSearchTest">
        <test-method is-config="true" signature="setup()[pri:0, instance:demoBlaze.FlightSearchTest@4cc451f2]" started-at="2025-05-11T02:02:28 IST" name="setup" finished-at="2025-05-11T02:02:31 IST" duration-ms="3439" status="PASS">
          <reporter-output>
          </reporter-output>
        </test-method> <!-- setup -->
        <test-method signature="testFindFlight()[pri:0, instance:demoBlaze.FlightSearchTest@4cc451f2]" started-at="2025-05-11T02:02:31 IST" name="testFindFlight" finished-at="2025-05-11T02:02:33 IST" duration-ms="1850" status="PASS">
          <reporter-output>
          </reporter-output>
        </test-method> <!-- testFindFlight -->
        <test-method is-config="true" signature="tearDown()[pri:0, instance:demoBlaze.FlightSearchTest@4cc451f2]" started-at="2025-05-11T02:02:33 IST" name="tearDown" finished-at="2025-05-11T02:02:33 IST" duration-ms="158" status="PASS">
          <reporter-output>
          </reporter-output>
        </test-method> <!-- tearDown -->
      </class> <!-- demoBlaze.FlightSearchTest -->
    </test> <!-- Default test -->
  </suite> <!-- Default suite -->
</testng-results>
