<?xml version="1.0" encoding="UTF-8"?>
<!-- Generated by org.testng.reporters.JUnitXMLReporter -->
<testsuite ignored="0" hostname="DESKTOP-E572CRP" failures="0" tests="8" name="groupingTests" time="0.066" errors="0" timestamp="2024-12-05T16:23:33 IST">
  <testcase classname="day44.LoginTests" name="loginByEmail" time="0.01"/>
  <testcase classname="day44.LoginTests" name="loginByFacebook" time="0.002"/>
  <testcase classname="day44.LoginTests" name="loginByTwitter" time="0.001"/>
  <testcase classname="day44.SignupTests" name="signupByEmail" time="0.0"/>
  <testcase classname="day44.SignupTests" name="signupByFacebook" time="0.001"/>
  <testcase classname="day44.SignupTests" name="signupByTwitter" time="0.001"/>
  <testcase classname="day44.PaymentTests" name="paymentInDollars" time="0.0"/>
  <testcase classname="day44.PaymentTests" name="paymentInRupees" time="0.001"/>
</testsuite> <!-- groupingTests -->
